<?xml version="1.0" encoding="UTF-8"?>
<!-- Generated by org.testng.reporters.JUnitReportReporter -->
<testsuite ignored="12" hostname="QU1980" failures="0" tests="1" name="com.JJill.testcases.LoginTest" time="26.232" errors="0" timestamp="05 Jan 2022 18:22:00 GMT" skipped="0">
  <testcase classname="com.JJill.testcases.LoginTest" name="verifyFooterFunctionality" time="26.232"/>
  <testcase classname="com.JJill.testcases.LoginTest" name="verifyPaginationFunctionality">
    <skipped/>
  </testcase> <!-- verifyPaginationFunctionality -->
  <testcase classname="com.JJill.testcases.LoginTest" name="verifyLoginInFunctionality">
    <skipped/>
  </testcase> <!-- verifyLoginInFunctionality -->
  <testcase classname="com.JJill.testcases.LoginTest" name="verifyCompletetheLook">
    <skipped/>
  </testcase> <!-- verifyCompletetheLook -->
  <testcase classname="com.JJill.testcases.LoginTest" name="verifySearchFunctionality">
    <skipped/>
  </testcase> <!-- verifySearchFunctionality -->
  <testcase classname="com.JJill.testcases.LoginTest" name="verifyShoptheLook">
    <skipped/>
  </testcase> <!-- verifyShoptheLook -->
  <testcase classname="com.JJill.testcases.LoginTest" name="verifyPDPFunctionality">
    <skipped/>
  </testcase> <!-- verifyPDPFunctionality -->
  <testcase classname="com.JJill.testcases.LoginTest" name="verifyMonetateBadging">
    <skipped/>
  </testcase> <!-- verifyMonetateBadging -->
  <testcase classname="com.JJill.testcases.LoginTest" name="verifyQuickLookFunctionality">
    <skipped/>
  </testcase> <!-- verifyQuickLookFunctionality -->
  <testcase classname="com.JJill.testcases.LoginTest" name="verifyForgotPasswordFunctionality">
    <skipped/>
  </testcase> <!-- verifyForgotPasswordFunctionality -->
  <testcase classname="com.JJill.testcases.LoginTest" name="verifyPLPFunctionality">
    <skipped/>
  </testcase> <!-- verifyPLPFunctionality -->
  <testcase classname="com.JJill.testcases.LoginTest" name="verifyHeaderFunctionality">
    <skipped/>
  </testcase> <!-- verifyHeaderFunctionality -->
  <testcase classname="com.JJill.testcases.LoginTest" name="verifyCheckoutFunctionality">
    <skipped/>
  </testcase> <!-- verifyCheckoutFunctionality -->
</testsuite> <!-- com.JJill.testcases.LoginTest -->
