<?xml version="1.0" encoding="UTF-8"?>
<!-- Generated by org.testng.reporters.JUnitReportReporter -->
<testsuite ignored="13" hostname="QU1980" failures="0" tests="1" name="com.JJill.testcases.LoginTest" time="28.854" errors="0" timestamp="22 Feb 2022 22:01:25 GMT" skipped="0">
  <testcase classname="com.JJill.testcases.LoginTest" name="verifyInventoryData" time="28.854"/>
  <testcase classname="com.JJill.testcases.LoginTest" name="verifyPaginationFunctionality">
    <skipped/>
  </testcase> <!-- verifyPaginationFunctionality -->
  <testcase classname="com.JJill.testcases.LoginTest" name="verifyCompletetheLook">
    <skipped/>
  </testcase> <!-- verifyCompletetheLook -->
  <testcase classname="com.JJill.testcases.LoginTest" name="verifyPDPFunctionality">
    <skipped/>
  </testcase> <!-- verifyPDPFunctionality -->
  <testcase classname="com.JJill.testcases.LoginTest" name="verifyMonetateBadging">
    <skipped/>
  </testcase> <!-- verifyMonetateBadging -->
  <testcase classname="com.JJill.testcases.LoginTest" name="verifyQuickLookFunctionality">
    <skipped/>
  </testcase> <!-- verifyQuickLookFunctionality -->
  <testcase classname="com.JJill.testcases.LoginTest" name="verifyForgotPasswordFunctionality">
    <skipped/>
  </testcase> <!-- verifyForgotPasswordFunctionality -->
  <testcase classname="com.JJill.testcases.LoginTest" name="verifyHeaderFunctionality">
    <skipped/>
  </testcase> <!-- verifyHeaderFunctionality -->
  <testcase classname="com.JJill.testcases.LoginTest" name="verifyCheckoutFunctionality">
    <skipped/>
  </testcase> <!-- verifyCheckoutFunctionality -->
  <testcase classname="com.JJill.testcases.LoginTest" name="verifyLoginInFunctionality">
    <skipped/>
  </testcase> <!-- verifyLoginInFunctionality -->
  <testcase classname="com.JJill.testcases.LoginTest" name="verifySearchFunctionality">
    <skipped/>
  </testcase> <!-- verifySearchFunctionality -->
  <testcase classname="com.JJill.testcases.LoginTest" name="verifyShoptheLook">
    <skipped/>
  </testcase> <!-- verifyShoptheLook -->
  <testcase classname="com.JJill.testcases.LoginTest" name="verifyFooterFunctionality">
    <skipped/>
  </testcase> <!-- verifyFooterFunctionality -->
  <testcase classname="com.JJill.testcases.LoginTest" name="verifyPLPFunctionality">
    <skipped/>
  </testcase> <!-- verifyPLPFunctionality -->
</testsuite> <!-- com.JJill.testcases.LoginTest -->
