<?xml version="1.0" encoding="UTF-8"?>
<!-- Generated by org.testng.reporters.JUnitReportReporter -->
<testsuite ignored="14" hostname="QU1980" failures="0" tests="1" name="com.JJill.testcases.TestCases" time="29.120" errors="0" timestamp="28 Feb 2022 18:05:38 GMT" skipped="0">
  <testcase classname="com.JJill.testcases.TestCases" name="verifyPDP_CompletetheLook" time="29.120"/>
  <testcase classname="com.JJill.testcases.TestCases" name="verifyPLPFunctionality">
    <skipped/>
  </testcase> <!-- verifyPLPFunctionality -->
  <testcase classname="com.JJill.testcases.TestCases" name="verifyShoptheLook">
    <skipped/>
  </testcase> <!-- verifyShoptheLook -->
  <testcase classname="com.JJill.testcases.TestCases" name="verifySearchFunctionality">
    <skipped/>
  </testcase> <!-- verifySearchFunctionality -->
  <testcase classname="com.JJill.testcases.TestCases" name="verifyFooterFunctionality">
    <skipped/>
  </testcase> <!-- verifyFooterFunctionality -->
  <testcase classname="com.JJill.testcases.TestCases" name="verifyLoginInFunctionality">
    <skipped/>
  </testcase> <!-- verifyLoginInFunctionality -->
  <testcase classname="com.JJill.testcases.TestCases" name="verifyCheckoutFunctionality">
    <skipped/>
  </testcase> <!-- verifyCheckoutFunctionality -->
  <testcase classname="com.JJill.testcases.TestCases" name="verifyHeaderFunctionality">
    <skipped/>
  </testcase> <!-- verifyHeaderFunctionality -->
  <testcase classname="com.JJill.testcases.TestCases" name="verifyMonetateBadging">
    <skipped/>
  </testcase> <!-- verifyMonetateBadging -->
  <testcase classname="com.JJill.testcases.TestCases" name="verifyQuickLookFunctionality">
    <skipped/>
  </testcase> <!-- verifyQuickLookFunctionality -->
  <testcase classname="com.JJill.testcases.TestCases" name="verifyForgotPasswordFunctionality">
    <skipped/>
  </testcase> <!-- verifyForgotPasswordFunctionality -->
  <testcase classname="com.JJill.testcases.TestCases" name="verifyPDPFunctionality">
    <skipped/>
  </testcase> <!-- verifyPDPFunctionality -->
  <testcase classname="com.JJill.testcases.TestCases" name="verifyInventoryData">
    <skipped/>
  </testcase> <!-- verifyInventoryData -->
  <testcase classname="com.JJill.testcases.TestCases" name="verifyCompletetheLook">
    <skipped/>
  </testcase> <!-- verifyCompletetheLook -->
  <testcase classname="com.JJill.testcases.TestCases" name="verifyPaginationFunctionality">
    <skipped/>
  </testcase> <!-- verifyPaginationFunctionality -->
</testsuite> <!-- com.JJill.testcases.TestCases -->
